Started GET "/" for ::1 at 2020-11-13 13:00:20 +0200
  [1m[35m (2.0ms)[0m  [1m[34mSELECT sqlite_version(*)[0m
  
ActiveRecord::PendingMigrationError (

Migrations are pending. To resolve this issue, run:

        rails db:migrate RAILS_ENV=development

):
  
activerecord (6.0.3.4) lib/active_record/migration.rb:586:in `check_pending!'
activerecord (6.0.3.4) lib/active_record/migration.rb:564:in `call'
actionpack (6.0.3.4) lib/action_dispatch/middleware/callbacks.rb:27:in `block in call'
activesupport (6.0.3.4) lib/active_support/callbacks.rb:101:in `run_callbacks'
actionpack (6.0.3.4) lib/action_dispatch/middleware/callbacks.rb:26:in `call'
actionpack (6.0.3.4) lib/action_dispatch/middleware/executor.rb:14:in `call'
actionpack (6.0.3.4) lib/action_dispatch/middleware/actionable_exceptions.rb:18:in `call'
actionpack (6.0.3.4) lib/action_dispatch/middleware/debug_exceptions.rb:32:in `call'
web-console (4.1.0) lib/web_console/middleware.rb:132:in `call_app'
web-console (4.1.0) lib/web_console/middleware.rb:28:in `block in call'
web-console (4.1.0) lib/web_console/middleware.rb:17:in `catch'
web-console (4.1.0) lib/web_console/middleware.rb:17:in `call'
actionpack (6.0.3.4) lib/action_dispatch/middleware/show_exceptions.rb:33:in `call'
railties (6.0.3.4) lib/rails/rack/logger.rb:37:in `call_app'
railties (6.0.3.4) lib/rails/rack/logger.rb:26:in `block in call'
activesupport (6.0.3.4) lib/active_support/tagged_logging.rb:80:in `block in tagged'
activesupport (6.0.3.4) lib/active_support/tagged_logging.rb:28:in `tagged'
activesupport (6.0.3.4) lib/active_support/tagged_logging.rb:80:in `tagged'
railties (6.0.3.4) lib/rails/rack/logger.rb:26:in `call'
sprockets-rails (3.2.2) lib/sprockets/rails/quiet_assets.rb:13:in `call'
actionpack (6.0.3.4) lib/action_dispatch/middleware/remote_ip.rb:81:in `call'
actionpack (6.0.3.4) lib/action_dispatch/middleware/request_id.rb:27:in `call'
rack (2.2.3) lib/rack/method_override.rb:24:in `call'
rack (2.2.3) lib/rack/runtime.rb:22:in `call'
activesupport (6.0.3.4) lib/active_support/cache/strategy/local_cache_middleware.rb:29:in `call'
actionpack (6.0.3.4) lib/action_dispatch/middleware/executor.rb:14:in `call'
actionpack (6.0.3.4) lib/action_dispatch/middleware/static.rb:126:in `call'
rack (2.2.3) lib/rack/sendfile.rb:110:in `call'
actionpack (6.0.3.4) lib/action_dispatch/middleware/host_authorization.rb:82:in `call'
webpacker (4.3.0) lib/webpacker/dev_server_proxy.rb:23:in `perform_request'
rack-proxy (0.6.5) lib/rack/proxy.rb:57:in `call'
railties (6.0.3.4) lib/rails/engine.rb:527:in `call'
puma (4.3.6) lib/puma/configuration.rb:228:in `call'
puma (4.3.6) lib/puma/server.rb:713:in `handle_request'
puma (4.3.6) lib/puma/server.rb:472:in `process_client'
puma (4.3.6) lib/puma/server.rb:328:in `block in run'
puma (4.3.6) lib/puma/thread_pool.rb:134:in `block in spawn_thread'
  [1m[35m (0.4ms)[0m  [1m[34mSELECT sqlite_version(*)[0m
  [1m[35m (7.6ms)[0m  [1m[35mCREATE TABLE "schema_migrations" ("version" varchar NOT NULL PRIMARY KEY)[0m
  [1m[35m (3.8ms)[0m  [1m[35mCREATE TABLE "ar_internal_metadata" ("key" varchar NOT NULL PRIMARY KEY, "value" varchar, "created_at" datetime(6) NOT NULL, "updated_at" datetime(6) NOT NULL)[0m
  [1m[35m (0.1ms)[0m  [1m[34mSELECT "schema_migrations"."version" FROM "schema_migrations" ORDER BY "schema_migrations"."version" ASC[0m
Migrating to DeviseCreateUsers (20201112144924)
  [1m[35m (0.0ms)[0m  [1m[36mbegin transaction[0m
  [1m[35m (0.3ms)[0m  [1m[35mCREATE TABLE "users" ("id" integer PRIMARY KEY AUTOINCREMENT NOT NULL, "email" varchar DEFAULT '' NOT NULL, "encrypted_password" varchar DEFAULT '' NOT NULL, "reset_password_token" varchar, "reset_password_sent_at" datetime, "remember_created_at" datetime, "created_at" datetime(6) NOT NULL, "updated_at" datetime(6) NOT NULL)[0m
  [1m[35m (0.1ms)[0m  [1m[35mCREATE UNIQUE INDEX "index_users_on_email" ON "users" ("email")[0m
  [1m[35m (0.1ms)[0m  [1m[35mCREATE UNIQUE INDEX "index_users_on_reset_password_token" ON "users" ("reset_password_token")[0m
  [1m[36mprimary::SchemaMigration Create (0.1ms)[0m  [1m[32mINSERT INTO "schema_migrations" ("version") VALUES (?)[0m  [["version", "20201112144924"]]
  [1m[35m (4.5ms)[0m  [1m[36mcommit transaction[0m
Migrating to CreatePosts (20201112150636)
  [1m[35m (0.0ms)[0m  [1m[36mbegin transaction[0m
  [1m[35m (0.2ms)[0m  [1m[35mCREATE TABLE "posts" ("id" integer PRIMARY KEY AUTOINCREMENT NOT NULL, "created_at" datetime(6) NOT NULL, "updated_at" datetime(6) NOT NULL)[0m
  [1m[36mprimary::SchemaMigration Create (0.1ms)[0m  [1m[32mINSERT INTO "schema_migrations" ("version") VALUES (?)[0m  [["version", "20201112150636"]]
  [1m[35m (4.4ms)[0m  [1m[36mcommit transaction[0m
Migrating to AddIdToPost (20201112151426)
  [1m[35m (0.1ms)[0m  [1m[36mbegin transaction[0m
  [1m[35m (0.3ms)[0m  [1m[35mALTER TABLE "posts" ADD "user_id" int[0m
  [1m[36mprimary::SchemaMigration Create (0.1ms)[0m  [1m[32mINSERT INTO "schema_migrations" ("version") VALUES (?)[0m  [["version", "20201112151426"]]
  [1m[35m (3.3ms)[0m  [1m[36mcommit transaction[0m
Migrating to AddBodyToPost (20201112153953)
  [1m[35m (0.1ms)[0m  [1m[36mbegin transaction[0m
  [1m[35m (0.6ms)[0m  [1m[35mALTER TABLE "posts" ADD "body" varchar[0m
  [1m[36mprimary::SchemaMigration Create (0.2ms)[0m  [1m[32mINSERT INTO "schema_migrations" ("version") VALUES (?)[0m  [["version", "20201112153953"]]
  [1m[35m (3.4ms)[0m  [1m[36mcommit transaction[0m
Migrating to AddNameToUser (20201112172216)
  [1m[35m (0.1ms)[0m  [1m[36mbegin transaction[0m
  [1m[35m (0.4ms)[0m  [1m[35mALTER TABLE "users" ADD "username" varchar[0m
  [1m[36mprimary::SchemaMigration Create (0.1ms)[0m  [1m[32mINSERT INTO "schema_migrations" ("version") VALUES (?)[0m  [["version", "20201112172216"]]
  [1m[35m (2.9ms)[0m  [1m[36mcommit transaction[0m
  [1m[36mActiveRecord::InternalMetadata Load (0.2ms)[0m  [1m[34mSELECT "ar_internal_metadata".* FROM "ar_internal_metadata" WHERE "ar_internal_metadata"."key" = ? LIMIT ?[0m  [["key", "environment"], ["LIMIT", 1]]
  [1m[35m (0.1ms)[0m  [1m[36mbegin transaction[0m
  [1m[36mActiveRecord::InternalMetadata Create (0.4ms)[0m  [1m[32mINSERT INTO "ar_internal_metadata" ("key", "value", "created_at", "updated_at") VALUES (?, ?, ?, ?)[0m  [["key", "environment"], ["value", "development"], ["created_at", "2020-11-13 11:00:47.129438"], ["updated_at", "2020-11-13 11:00:47.129438"]]
  [1m[35m (3.5ms)[0m  [1m[36mcommit transaction[0m
  [1m[35m (0.1ms)[0m  [1m[34mSELECT sqlite_version(*)[0m
  [1m[35m (0.1ms)[0m  [1m[34mSELECT "schema_migrations"."version" FROM "schema_migrations" ORDER BY "schema_migrations"."version" ASC[0m
  [1m[35m (0.3ms)[0m  [1m[34mSELECT sqlite_version(*)[0m
  [1m[35m (0.1ms)[0m  [1m[34mSELECT "schema_migrations"."version" FROM "schema_migrations" ORDER BY "schema_migrations"."version" ASC[0m
  [1m[36mActiveRecord::InternalMetadata Load (0.1ms)[0m  [1m[34mSELECT "ar_internal_metadata".* FROM "ar_internal_metadata" WHERE "ar_internal_metadata"."key" = ? LIMIT ?[0m  [["key", "environment"], ["LIMIT", 1]]
  [1m[35m (0.0ms)[0m  [1m[34mSELECT sqlite_version(*)[0m
  [1m[35m (0.1ms)[0m  [1m[34mSELECT "schema_migrations"."version" FROM "schema_migrations" ORDER BY "schema_migrations"."version" ASC[0m
Started GET "/" for ::1 at 2020-11-13 13:01:25 +0200
  [1m[35m (0.5ms)[0m  [1m[34mSELECT sqlite_version(*)[0m
  [1m[35m (0.3ms)[0m  [1m[34mSELECT "schema_migrations"."version" FROM "schema_migrations" ORDER BY "schema_migrations"."version" ASC[0m
Processing by PagesController#index as HTML
  Rendering pages/index.html.erb within layouts/application
  Rendered pages/index.html.erb within layouts/application (Duration: 0.7ms | Allocations: 192)
[Webpacker] Compiling...
[Webpacker] Compiled all packs in /home/guillain/Downloads/members-only-0c38f13174bd113e62dcf0ed8dfe0fc28044073c/public/packs
[Webpacker] Hash: 4914fb11488e4e707450
Version: webpack 4.44.2
Time: 4251ms
Built at: 11/13/2020 1:01:33 PM
                                     Asset       Size       Chunks                         Chunk Names
    js/application-61f7c7095bfc8c2092d2.js    663 KiB  application  [emitted] [immutable]  application
js/application-61f7c7095bfc8c2092d2.js.map    776 KiB  application  [emitted] [dev]        application
                             manifest.json  364 bytes               [emitted]              
Entrypoint application = js/application-61f7c7095bfc8c2092d2.js js/application-61f7c7095bfc8c2092d2.js.map
[./app/javascript/channels sync recursive _channel\.js$] ./app/javascript/channels sync _channel\.js$ 160 bytes {application} [built]
[./app/javascript/channels/index.js] 211 bytes {application} [built]
[./app/javascript/packs/application.js] 770 bytes {application} [built]
[./node_modules/webpack/buildin/global.js] (webpack)/buildin/global.js 905 bytes {application} [built]
[./node_modules/webpack/buildin/module.js] (webpack)/buildin/module.js 552 bytes {application} [built]
    + 6 hidden modules

  Rendered layouts/_navigation.html.erb (Duration: 2.7ms | Allocations: 631)
Completed 200 OK in 8108ms (Views: 8095.2ms | ActiveRecord: 0.0ms | Allocations: 62043)


Started GET "/users/sign_up" for ::1 at 2020-11-13 13:03:08 +0200
Processing by Devise::RegistrationsController#new as HTML
  Rendering devise/registrations/new.html.erb within layouts/application
  Rendered devise/shared/_links.html.erb (Duration: 1.9ms | Allocations: 600)
  Rendered devise/registrations/new.html.erb within layouts/application (Duration: 50.8ms | Allocations: 8896)
[Webpacker] Everything's up-to-date. Nothing to do
  Rendered layouts/_navigation.html.erb (Duration: 0.4ms | Allocations: 238)
Completed 200 OK in 105ms (Views: 76.4ms | ActiveRecord: 1.1ms | Allocations: 20805)


Started POST "/users" for ::1 at 2020-11-13 13:03:42 +0200
Processing by Devise::RegistrationsController#create as HTML
  Parameters: {"authenticity_token"=>"Fs/D662bbYtrtgCg3ETLZa8+BVqTOSHwv4Rohk4RWb9hZypeaeVU2+AxyEVQW6dciZes6MdHnjPIU2vMj2vJfw==", "user"=>{"email"=>"guylain@hotmail.fe", "username"=>"Guillain", "password"=>"[FILTERED]", "password_confirmation"=>"[FILTERED]"}, "commit"=>"Sign up"}
  [1m[35m (0.1ms)[0m  [1m[36mbegin transaction[0m
  [1m[36mUser Exists? (0.2ms)[0m  [1m[34mSELECT 1 AS one FROM "users" WHERE "users"."email" = ? LIMIT ?[0m  [["email", "guylain@hotmail.fe"], ["LIMIT", 1]]
  [1m[36mUser Create (0.4ms)[0m  [1m[32mINSERT INTO "users" ("email", "encrypted_password", "created_at", "updated_at", "username") VALUES (?, ?, ?, ?, ?)[0m  [["email", "guylain@hotmail.fe"], ["encrypted_password", "$2a$12$LmPq.x0vxB5TDYRCcQEcVeU9g3Cks3ohsstdRe5/6qRLtAEVRTsI2"], ["created_at", "2020-11-13 11:03:42.952876"], ["updated_at", "2020-11-13 11:03:42.952876"], ["username", "Guillain"]]
  [1m[35m (4.6ms)[0m  [1m[36mcommit transaction[0m
Redirected to http://localhost:3000/
Completed 302 Found in 320ms (ActiveRecord: 5.3ms | Allocations: 10600)


Started GET "/" for ::1 at 2020-11-13 13:03:42 +0200
Processing by PagesController#index as HTML
  Rendering pages/index.html.erb within layouts/application
  Rendered pages/index.html.erb within layouts/application (Duration: 0.0ms | Allocations: 5)
[Webpacker] Everything's up-to-date. Nothing to do
  [1m[36mUser Load (0.3ms)[0m  [1m[34mSELECT "users".* FROM "users" WHERE "users"."id" = ? ORDER BY "users"."id" ASC LIMIT ?[0m  [["id", 1], ["LIMIT", 1]]
  ↳ app/views/layouts/_navigation.html.erb:16
  Rendered layouts/_navigation.html.erb (Duration: 4.2ms | Allocations: 1146)
Completed 200 OK in 12ms (Views: 10.2ms | ActiveRecord: 0.3ms | Allocations: 5677)


Started GET "/posts" for ::1 at 2020-11-13 13:03:47 +0200
Processing by PostsController#index as HTML
  Rendering posts/index.html.erb within layouts/application
  [1m[36mPost Load (0.2ms)[0m  [1m[34mSELECT "posts".* FROM "posts"[0m
  ↳ app/views/posts/_post.html.erb:2
  Rendered posts/_post.html.erb (Duration: 4.1ms | Allocations: 1176)
  Rendered posts/index.html.erb within layouts/application (Duration: 6.4ms | Allocations: 1469)
[Webpacker] Everything's up-to-date. Nothing to do
  [1m[36mUser Load (0.1ms)[0m  [1m[34mSELECT "users".* FROM "users" WHERE "users"."id" = ? ORDER BY "users"."id" ASC LIMIT ?[0m  [["id", 1], ["LIMIT", 1]]
  ↳ app/views/layouts/_navigation.html.erb:16
  Rendered layouts/_navigation.html.erb (Duration: 2.1ms | Allocations: 1053)
Completed 200 OK in 24ms (Views: 17.0ms | ActiveRecord: 0.7ms | Allocations: 8821)


Started GET "/posts/new" for ::1 at 2020-11-13 13:03:48 +0200
Processing by PostsController#new as HTML
  [1m[36mUser Load (0.6ms)[0m  [1m[34mSELECT "users".* FROM "users" WHERE "users"."id" = ? ORDER BY "users"."id" ASC LIMIT ?[0m  [["id", 1], ["LIMIT", 1]]
  Rendering posts/new.html.erb within layouts/application
  Rendered shared/_errors.html.erb (Duration: 1.0ms | Allocations: 194)
  Rendered posts/new.html.erb within layouts/application (Duration: 8.1ms | Allocations: 1421)
[Webpacker] Everything's up-to-date. Nothing to do
  Rendered layouts/_navigation.html.erb (Duration: 0.9ms | Allocations: 177)
Completed 200 OK in 86ms (Views: 22.3ms | ActiveRecord: 2.4ms | Allocations: 10132)


Started POST "/posts" for ::1 at 2020-11-13 13:03:55 +0200
Processing by PostsController#create as HTML
  Parameters: {"authenticity_token"=>"aimzmb5EVvhfE52SJ1lqA89rX994UUIJaHaLTS1asBDBo72dT6x/0gMIpznbq5yaTP6h2iDlIUTwtjWm/gJlcA==", "post"=>{"body"=>"Hey baby"}, "commit"=>"Create Post"}
  [1m[36mUser Load (0.2ms)[0m  [1m[34mSELECT "users".* FROM "users" WHERE "users"."id" = ? ORDER BY "users"."id" ASC LIMIT ?[0m  [["id", 1], ["LIMIT", 1]]
  [1m[35m (0.1ms)[0m  [1m[36mbegin transaction[0m
  ↳ app/controllers/posts_controller.rb:14:in `create'
  [1m[36mPost Create (0.3ms)[0m  [1m[32mINSERT INTO "posts" ("created_at", "updated_at", "user_id", "body") VALUES (?, ?, ?, ?)[0m  [["created_at", "2020-11-13 11:03:55.746075"], ["updated_at", "2020-11-13 11:03:55.746075"], ["user_id", 1], ["body", "Hey baby"]]
  ↳ app/controllers/posts_controller.rb:14:in `create'
  [1m[35m (4.0ms)[0m  [1m[36mcommit transaction[0m
  ↳ app/controllers/posts_controller.rb:14:in `create'
Redirected to http://localhost:3000/posts
Completed 302 Found in 34ms (ActiveRecord: 4.6ms | Allocations: 6114)


Started GET "/posts" for ::1 at 2020-11-13 13:03:55 +0200
Processing by PostsController#index as HTML
  Rendering posts/index.html.erb within layouts/application
  [1m[36mPost Load (0.1ms)[0m  [1m[34mSELECT "posts".* FROM "posts"[0m
  ↳ app/views/posts/_post.html.erb:2
  [1m[36mUser Load (0.1ms)[0m  [1m[34mSELECT "users".* FROM "users" WHERE "users"."id" = ? ORDER BY "users"."id" ASC LIMIT ?[0m  [["id", 1], ["LIMIT", 1]]
  ↳ app/views/posts/_post.html.erb:10
  [1m[36mUser Load (0.3ms)[0m  [1m[34mSELECT "users".* FROM "users" WHERE "users"."id" = ? LIMIT ?[0m  [["id", 1], ["LIMIT", 1]]
  ↳ app/views/posts/_post.html.erb:11
  Rendered posts/_post.html.erb (Duration: 10.7ms | Allocations: 3429)
  Rendered posts/index.html.erb within layouts/application (Duration: 10.9ms | Allocations: 3490)
[Webpacker] Everything's up-to-date. Nothing to do
  Rendered layouts/_navigation.html.erb (Duration: 0.6ms | Allocations: 172)
Completed 200 OK in 22ms (Views: 20.9ms | ActiveRecord: 0.5ms | Allocations: 8204)


Started GET "/posts/new" for ::1 at 2020-11-13 13:03:59 +0200
Processing by PostsController#new as HTML
  [1m[36mUser Load (0.2ms)[0m  [1m[34mSELECT "users".* FROM "users" WHERE "users"."id" = ? ORDER BY "users"."id" ASC LIMIT ?[0m  [["id", 1], ["LIMIT", 1]]
  Rendering posts/new.html.erb within layouts/application
  Rendered shared/_errors.html.erb (Duration: 0.0ms | Allocations: 15)
  Rendered posts/new.html.erb within layouts/application (Duration: 2.1ms | Allocations: 611)
[Webpacker] Everything's up-to-date. Nothing to do
  Rendered layouts/_navigation.html.erb (Duration: 0.4ms | Allocations: 172)
Completed 200 OK in 15ms (Views: 10.7ms | ActiveRecord: 0.2ms | Allocations: 6700)


Started GET "/posts" for ::1 at 2020-11-13 13:04:00 +0200
Processing by PostsController#index as HTML
  Rendering posts/index.html.erb within layouts/application
  [1m[36mPost Load (0.9ms)[0m  [1m[34mSELECT "posts".* FROM "posts"[0m
  ↳ app/views/posts/_post.html.erb:2
  [1m[36mUser Load (0.5ms)[0m  [1m[34mSELECT "users".* FROM "users" WHERE "users"."id" = ? ORDER BY "users"."id" ASC LIMIT ?[0m  [["id", 1], ["LIMIT", 1]]
  ↳ app/views/posts/_post.html.erb:10
  [1m[36mUser Load (0.7ms)[0m  [1m[34mSELECT "users".* FROM "users" WHERE "users"."id" = ? LIMIT ?[0m  [["id", 1], ["LIMIT", 1]]
  ↳ app/views/posts/_post.html.erb:11
  Rendered posts/_post.html.erb (Duration: 27.7ms | Allocations: 2386)
  Rendered posts/index.html.erb within layouts/application (Duration: 29.3ms | Allocations: 2446)
[Webpacker] Everything's up-to-date. Nothing to do
  Rendered layouts/_navigation.html.erb (Duration: 0.4ms | Allocations: 172)
Completed 200 OK in 55ms (Views: 49.9ms | ActiveRecord: 2.2ms | Allocations: 7150)


Started DELETE "/users/sign_out" for ::1 at 2020-11-13 13:04:03 +0200
Processing by Devise::SessionsController#destroy as HTML
  Parameters: {"authenticity_token"=>"g/XoC6uWJwOfUA+7+M62mGXBxytrFs90sOMp6qNFoH8xbzY+R8tDlRpsD3EHf7qO6Vyq4uX01sWpq07E7glONQ=="}
  [1m[36mUser Load (0.2ms)[0m  [1m[34mSELECT "users".* FROM "users" WHERE "users"."id" = ? ORDER BY "users"."id" ASC LIMIT ?[0m  [["id", 1], ["LIMIT", 1]]
Redirected to http://localhost:3000/
Completed 302 Found in 12ms (ActiveRecord: 0.2ms | Allocations: 2824)


Started GET "/" for ::1 at 2020-11-13 13:04:03 +0200
Processing by PagesController#index as HTML
  Rendering pages/index.html.erb within layouts/application
  Rendered pages/index.html.erb within layouts/application (Duration: 0.1ms | Allocations: 4)
[Webpacker] Everything's up-to-date. Nothing to do
  Rendered layouts/_navigation.html.erb (Duration: 0.5ms | Allocations: 272)
Completed 200 OK in 10ms (Views: 9.0ms | ActiveRecord: 0.0ms | Allocations: 4782)


Started GET "/users/sign_in" for ::1 at 2020-11-13 13:04:06 +0200
Processing by Devise::SessionsController#new as HTML
  Rendering devise/sessions/new.html.erb within layouts/application
  Rendered devise/shared/_links.html.erb (Duration: 5.7ms | Allocations: 250)
  Rendered devise/sessions/new.html.erb within layouts/application (Duration: 15.1ms | Allocations: 1949)
[Webpacker] Everything's up-to-date. Nothing to do
  Rendered layouts/_navigation.html.erb (Duration: 0.7ms | Allocations: 238)
Completed 200 OK in 33ms (Views: 30.6ms | ActiveRecord: 0.0ms | Allocations: 7713)


Started GET "/users/sign_up" for ::1 at 2020-11-13 13:04:08 +0200
Processing by Devise::RegistrationsController#new as HTML
  Rendering devise/registrations/new.html.erb within layouts/application
  Rendered devise/shared/_links.html.erb (Duration: 0.4ms | Allocations: 103)
  Rendered devise/registrations/new.html.erb within layouts/application (Duration: 4.5ms | Allocations: 1258)
[Webpacker] Everything's up-to-date. Nothing to do
  Rendered layouts/_navigation.html.erb (Duration: 0.8ms | Allocations: 238)
Completed 200 OK in 23ms (Views: 19.7ms | ActiveRecord: 0.0ms | Allocations: 6233)


Started POST "/users" for ::1 at 2020-11-13 13:04:25 +0200
Processing by Devise::RegistrationsController#create as HTML
  Parameters: {"authenticity_token"=>"0GJaStxSK6s8DRTt0LdO9WWb/MWIZJzmyltUizXEoaIgKOzzbE4e05jA5T5XfsYrmSQPt8gHfURydABr9ddL5g==", "user"=>{"email"=>"boss@lady.com", "username"=>"Boss", "password"=>"[FILTERED]", "password_confirmation"=>"[FILTERED]"}, "commit"=>"Sign up"}
  [1m[35m (0.1ms)[0m  [1m[36mbegin transaction[0m
  [1m[36mUser Exists? (0.1ms)[0m  [1m[34mSELECT 1 AS one FROM "users" WHERE "users"."email" = ? LIMIT ?[0m  [["email", "boss@lady.com"], ["LIMIT", 1]]
  [1m[36mUser Create (0.2ms)[0m  [1m[32mINSERT INTO "users" ("email", "encrypted_password", "created_at", "updated_at", "username") VALUES (?, ?, ?, ?, ?)[0m  [["email", "boss@lady.com"], ["encrypted_password", "$2a$12$pUJE7ftJd02Z3ZBSvNp7Dey13XjQPgm1gxvOH5YeHZihXEr2c.EB6"], ["created_at", "2020-11-13 11:04:25.778363"], ["updated_at", "2020-11-13 11:04:25.778363"], ["username", "Boss"]]
  [1m[35m (3.9ms)[0m  [1m[36mcommit transaction[0m
Redirected to http://localhost:3000/
Completed 302 Found in 305ms (ActiveRecord: 4.3ms | Allocations: 7168)


Started GET "/" for ::1 at 2020-11-13 13:04:25 +0200
Processing by PagesController#index as HTML
  Rendering pages/index.html.erb within layouts/application
  Rendered pages/index.html.erb within layouts/application (Duration: 0.0ms | Allocations: 4)
[Webpacker] Everything's up-to-date. Nothing to do
  [1m[36mUser Load (0.4ms)[0m  [1m[34mSELECT "users".* FROM "users" WHERE "users"."id" = ? ORDER BY "users"."id" ASC LIMIT ?[0m  [["id", 2], ["LIMIT", 1]]
  ↳ app/views/layouts/_navigation.html.erb:16
  Rendered layouts/_navigation.html.erb (Duration: 3.9ms | Allocations: 1050)
Completed 200 OK in 11ms (Views: 10.3ms | ActiveRecord: 0.4ms | Allocations: 5584)


Started GET "/posts/new" for ::1 at 2020-11-13 13:04:28 +0200
Processing by PostsController#new as HTML
  [1m[36mUser Load (0.2ms)[0m  [1m[34mSELECT "users".* FROM "users" WHERE "users"."id" = ? ORDER BY "users"."id" ASC LIMIT ?[0m  [["id", 2], ["LIMIT", 1]]
  Rendering posts/new.html.erb within layouts/application
  Rendered shared/_errors.html.erb (Duration: 0.1ms | Allocations: 15)
  Rendered posts/new.html.erb within layouts/application (Duration: 2.0ms | Allocations: 619)
[Webpacker] Everything's up-to-date. Nothing to do
  Rendered layouts/_navigation.html.erb (Duration: 0.4ms | Allocations: 177)
Completed 200 OK in 16ms (Views: 11.2ms | ActiveRecord: 0.2ms | Allocations: 6742)


Started GET "/posts" for ::1 at 2020-11-13 13:04:29 +0200
Processing by PostsController#index as HTML
  Rendering posts/index.html.erb within layouts/application
  [1m[36mPost Load (0.4ms)[0m  [1m[34mSELECT "posts".* FROM "posts"[0m
  ↳ app/views/posts/_post.html.erb:2
  [1m[36mUser Load (0.6ms)[0m  [1m[34mSELECT "users".* FROM "users" WHERE "users"."id" = ? ORDER BY "users"."id" ASC LIMIT ?[0m  [["id", 2], ["LIMIT", 1]]
  ↳ app/views/posts/_post.html.erb:10
  [1m[36mUser Load (0.5ms)[0m  [1m[34mSELECT "users".* FROM "users" WHERE "users"."id" = ? LIMIT ?[0m  [["id", 1], ["LIMIT", 1]]
  ↳ app/views/posts/_post.html.erb:11
  Rendered posts/_post.html.erb (Duration: 25.6ms | Allocations: 2391)
  Rendered posts/index.html.erb within layouts/application (Duration: 26.8ms | Allocations: 2451)
[Webpacker] Everything's up-to-date. Nothing to do
  Rendered layouts/_navigation.html.erb (Duration: 0.7ms | Allocations: 172)
Completed 200 OK in 61ms (Views: 56.4ms | ActiveRecord: 1.5ms | Allocations: 7162)


Started GET "/posts/new" for ::1 at 2020-11-13 13:04:32 +0200
Processing by PostsController#new as HTML
  [1m[36mUser Load (0.5ms)[0m  [1m[34mSELECT "users".* FROM "users" WHERE "users"."id" = ? ORDER BY "users"."id" ASC LIMIT ?[0m  [["id", 2], ["LIMIT", 1]]
  Rendering posts/new.html.erb within layouts/application
  Rendered shared/_errors.html.erb (Duration: 0.1ms | Allocations: 15)
  Rendered posts/new.html.erb within layouts/application (Duration: 9.9ms | Allocations: 611)
[Webpacker] Everything's up-to-date. Nothing to do
  Rendered layouts/_navigation.html.erb (Duration: 0.8ms | Allocations: 172)
Completed 200 OK in 56ms (Views: 43.0ms | ActiveRecord: 0.5ms | Allocations: 6708)


Started POST "/posts" for ::1 at 2020-11-13 13:04:36 +0200
Processing by PostsController#create as HTML
  Parameters: {"authenticity_token"=>"o4hEDTSAcwYX/1hCK9z5W2oNbFblswBG46F7DUGq/LkPK959HtQSCXli7JBzzIGMABah+dmWr1iCtWdeXu6WBw==", "post"=>{"body"=>"Test"}, "commit"=>"Create Post"}
  [1m[36mUser Load (0.2ms)[0m  [1m[34mSELECT "users".* FROM "users" WHERE "users"."id" = ? ORDER BY "users"."id" ASC LIMIT ?[0m  [["id", 2], ["LIMIT", 1]]
  [1m[35m (0.1ms)[0m  [1m[36mbegin transaction[0m
  ↳ app/controllers/posts_controller.rb:14:in `create'
  [1m[36mPost Create (0.5ms)[0m  [1m[32mINSERT INTO "posts" ("created_at", "updated_at", "user_id", "body") VALUES (?, ?, ?, ?)[0m  [["created_at", "2020-11-13 11:04:36.763843"], ["updated_at", "2020-11-13 11:04:36.763843"], ["user_id", 2], ["body", "Test"]]
  ↳ app/controllers/posts_controller.rb:14:in `create'
  [1m[35m (3.8ms)[0m  [1m[36mcommit transaction[0m
  ↳ app/controllers/posts_controller.rb:14:in `create'
Redirected to http://localhost:3000/posts
Completed 302 Found in 16ms (ActiveRecord: 4.5ms | Allocations: 4127)


Started GET "/posts" for ::1 at 2020-11-13 13:04:36 +0200
Processing by PostsController#index as HTML
  Rendering posts/index.html.erb within layouts/application
  [1m[36mPost Load (0.2ms)[0m  [1m[34mSELECT "posts".* FROM "posts"[0m
  ↳ app/views/posts/_post.html.erb:2
  [1m[36mUser Load (0.2ms)[0m  [1m[34mSELECT "users".* FROM "users" WHERE "users"."id" = ? ORDER BY "users"."id" ASC LIMIT ?[0m  [["id", 2], ["LIMIT", 1]]
  ↳ app/views/posts/_post.html.erb:10
  [1m[36mUser Load (0.1ms)[0m  [1m[34mSELECT "users".* FROM "users" WHERE "users"."id" = ? LIMIT ?[0m  [["id", 1], ["LIMIT", 1]]
  ↳ app/views/posts/_post.html.erb:11
  [1m[36mUser Load (0.2ms)[0m  [1m[34mSELECT "users".* FROM "users" WHERE "users"."id" = ? LIMIT ?[0m  [["id", 2], ["LIMIT", 1]]
  ↳ app/views/posts/_post.html.erb:11
  Rendered posts/_post.html.erb (Duration: 8.7ms | Allocations: 3275)
  Rendered posts/index.html.erb within layouts/application (Duration: 9.0ms | Allocations: 3335)
[Webpacker] Everything's up-to-date. Nothing to do
  Rendered layouts/_navigation.html.erb (Duration: 0.5ms | Allocations: 172)
Completed 200 OK in 17ms (Views: 16.2ms | ActiveRecord: 0.7ms | Allocations: 8026)


Started DELETE "/users/sign_out" for ::1 at 2020-11-13 13:04:44 +0200
Processing by Devise::SessionsController#destroy as HTML
  Parameters: {"authenticity_token"=>"r892sQl7/bjzihUxq/aPI2BUxjZ7qcR5uCzb8Ve1kFn5uJ+ck3gZop4vllrrNbO2N9HAkgA90tKsRUJJ+JM0aQ=="}
  [1m[36mUser Load (0.2ms)[0m  [1m[34mSELECT "users".* FROM "users" WHERE "users"."id" = ? ORDER BY "users"."id" ASC LIMIT ?[0m  [["id", 2], ["LIMIT", 1]]
Redirected to http://localhost:3000/
Completed 302 Found in 6ms (ActiveRecord: 0.2ms | Allocations: 2171)


Started GET "/" for ::1 at 2020-11-13 13:04:44 +0200
Processing by PagesController#index as HTML
  Rendering pages/index.html.erb within layouts/application
  Rendered pages/index.html.erb within layouts/application (Duration: 0.1ms | Allocations: 4)
[Webpacker] Everything's up-to-date. Nothing to do
  Rendered layouts/_navigation.html.erb (Duration: 1.3ms | Allocations: 264)
Completed 200 OK in 13ms (Views: 12.2ms | ActiveRecord: 0.0ms | Allocations: 4782)


  [1m[35m (0.3ms)[0m  [1m[34mSELECT sqlite_version(*)[0m
  [1m[35m (0.1ms)[0m  [1m[34mSELECT "schema_migrations"."version" FROM "schema_migrations" ORDER BY "schema_migrations"."version" ASC[0m
  [1m[36mActiveRecord::InternalMetadata Load (0.1ms)[0m  [1m[34mSELECT "ar_internal_metadata".* FROM "ar_internal_metadata" WHERE "ar_internal_metadata"."key" = ? LIMIT ?[0m  [["key", "environment"], ["LIMIT", 1]]
  [1m[35m (0.0ms)[0m  [1m[34mSELECT sqlite_version(*)[0m
  [1m[35m (0.1ms)[0m  [1m[34mSELECT "schema_migrations"."version" FROM "schema_migrations" ORDER BY "schema_migrations"."version" ASC[0m
